Determining if the function sgemm_ exists failed with the following output:
Change Dir: /home/jgarcia/.local/usr/TBTK/TBTK-BUILD/TBTKApplications/kpm_test/CMakeFiles/CMakeTmp

Run Build Command:"/usr/bin/make" "cmTC_388df/fast"
/usr/bin/make -f CMakeFiles/cmTC_388df.dir/build.make CMakeFiles/cmTC_388df.dir/build
make[1]: Entering directory '/home/jgarcia/.local/usr/TBTK/TBTK-BUILD/TBTKApplications/kpm_test/CMakeFiles/CMakeTmp'
Building C object CMakeFiles/cmTC_388df.dir/CheckFunctionExists.c.o
/usr/bin/cc   -DCHECK_FUNCTION_EXISTS=sgemm_   -o CMakeFiles/cmTC_388df.dir/CheckFunctionExists.c.o   -c /usr/share/cmake-3.13/Modules/CheckFunctionExists.c
Linking C executable cmTC_388df
/usr/bin/cmake -E cmake_link_script CMakeFiles/cmTC_388df.dir/link.txt --verbose=1
/usr/bin/cc  -DCHECK_FUNCTION_EXISTS=sgemm_    -rdynamic CMakeFiles/cmTC_388df.dir/CheckFunctionExists.c.o  -o cmTC_388df 
/usr/bin/ld: CMakeFiles/cmTC_388df.dir/CheckFunctionExists.c.o: in function `main':
CheckFunctionExists.c:(.text+0x10): undefined reference to `sgemm_'
collect2: error: ld returned 1 exit status
make[1]: *** [CMakeFiles/cmTC_388df.dir/build.make:87: cmTC_388df] Error 1
make[1]: Leaving directory '/home/jgarcia/.local/usr/TBTK/TBTK-BUILD/TBTKApplications/kpm_test/CMakeFiles/CMakeTmp'
make: *** [Makefile:121: cmTC_388df/fast] Error 2


Determining if the pthread_create exist failed with the following output:
Change Dir: /home/jgarcia/.local/usr/TBTK/TBTK-BUILD/TBTKApplications/kpm_test/CMakeFiles/CMakeTmp

Run Build Command:"/usr/bin/make" "cmTC_d5f75/fast"
/usr/bin/make -f CMakeFiles/cmTC_d5f75.dir/build.make CMakeFiles/cmTC_d5f75.dir/build
make[1]: Entering directory '/home/jgarcia/.local/usr/TBTK/TBTK-BUILD/TBTKApplications/kpm_test/CMakeFiles/CMakeTmp'
Building C object CMakeFiles/cmTC_d5f75.dir/CheckSymbolExists.c.o
/usr/bin/cc    -o CMakeFiles/cmTC_d5f75.dir/CheckSymbolExists.c.o   -c /home/jgarcia/.local/usr/TBTK/TBTK-BUILD/TBTKApplications/kpm_test/CMakeFiles/CMakeTmp/CheckSymbolExists.c
Linking C executable cmTC_d5f75
/usr/bin/cmake -E cmake_link_script CMakeFiles/cmTC_d5f75.dir/link.txt --verbose=1
/usr/bin/cc      -rdynamic CMakeFiles/cmTC_d5f75.dir/CheckSymbolExists.c.o  -o cmTC_d5f75 
/usr/bin/ld: CMakeFiles/cmTC_d5f75.dir/CheckSymbolExists.c.o: in function `main':
CheckSymbolExists.c:(.text+0x1b): undefined reference to `pthread_create'
collect2: error: ld returned 1 exit status
make[1]: *** [CMakeFiles/cmTC_d5f75.dir/build.make:87: cmTC_d5f75] Error 1
make[1]: Leaving directory '/home/jgarcia/.local/usr/TBTK/TBTK-BUILD/TBTKApplications/kpm_test/CMakeFiles/CMakeTmp'
make: *** [Makefile:121: cmTC_d5f75/fast] Error 2

File /home/jgarcia/.local/usr/TBTK/TBTK-BUILD/TBTKApplications/kpm_test/CMakeFiles/CMakeTmp/CheckSymbolExists.c:
/* */
#include <pthread.h>

int main(int argc, char** argv)
{
  (void)argv;
#ifndef pthread_create
  return ((int*)(&pthread_create))[argc];
#else
  (void)argc;
  return 0;
#endif
}

Determining if the function pthread_create exists in the pthreads failed with the following output:
Change Dir: /home/jgarcia/.local/usr/TBTK/TBTK-BUILD/TBTKApplications/kpm_test/CMakeFiles/CMakeTmp

Run Build Command:"/usr/bin/make" "cmTC_0ad3b/fast"
/usr/bin/make -f CMakeFiles/cmTC_0ad3b.dir/build.make CMakeFiles/cmTC_0ad3b.dir/build
make[1]: Entering directory '/home/jgarcia/.local/usr/TBTK/TBTK-BUILD/TBTKApplications/kpm_test/CMakeFiles/CMakeTmp'
Building C object CMakeFiles/cmTC_0ad3b.dir/CheckFunctionExists.c.o
/usr/bin/cc   -DCHECK_FUNCTION_EXISTS=pthread_create   -o CMakeFiles/cmTC_0ad3b.dir/CheckFunctionExists.c.o   -c /usr/share/cmake-3.13/Modules/CheckFunctionExists.c
Linking C executable cmTC_0ad3b
/usr/bin/cmake -E cmake_link_script CMakeFiles/cmTC_0ad3b.dir/link.txt --verbose=1
/usr/bin/cc  -DCHECK_FUNCTION_EXISTS=pthread_create    -rdynamic CMakeFiles/cmTC_0ad3b.dir/CheckFunctionExists.c.o  -o cmTC_0ad3b -lpthreads 
/usr/bin/ld: cannot find -lpthreads
collect2: error: ld returned 1 exit status
make[1]: *** [CMakeFiles/cmTC_0ad3b.dir/build.make:87: cmTC_0ad3b] Error 1
make[1]: Leaving directory '/home/jgarcia/.local/usr/TBTK/TBTK-BUILD/TBTKApplications/kpm_test/CMakeFiles/CMakeTmp'
make: *** [Makefile:121: cmTC_0ad3b/fast] Error 2


